2025-12-09 00:20:23,090 - inference - INFO - Using device: cpu
2025-12-09 00:20:25,823 - inference - INFO - PhoBERT model loaded successfully
2025-12-09 00:35:50,481 - inference - INFO - Using device: cpu
2025-12-09 00:35:52,519 - inference - INFO - PhoBERT model loaded successfully
2025-12-09 08:49:50,929 - inference - INFO - Using device: cpu
2025-12-09 08:49:55,392 - inference - INFO - PhoBERT model loaded successfully
2025-12-09 10:23:52,275 - inference - INFO - Using device: cpu
2025-12-09 10:23:54,902 - inference - INFO - PhoBERT model loaded successfully
2025-12-09 10:23:59,422 - inference - INFO - Using device: cpu
2025-12-09 10:24:01,529 - inference - INFO - PhoBERT model loaded successfully
2025-12-09 10:29:59,826 - api.routes - INFO - Initializing prediction service singleton...
2025-12-09 10:29:59,826 - services.prediction_service - INFO - Loading ML models...
2025-12-09 10:34:00,238 - inference - INFO - Using device: cpu
2025-12-09 10:34:02,318 - inference - INFO - PhoBERT model loaded successfully
2025-12-09 10:37:59,625 - api.routes - INFO - Initializing prediction service singleton...
2025-12-09 10:37:59,626 - services.prediction_service - INFO - Loading ML models...
2025-12-09 10:59:17,300 - api.routes - INFO - Prediction request for user: 31ba8a23-8a4e-4b24-99c2-0d768e617e71, candidates: 2
2025-12-09 10:59:18,260 - services.prediction_service - INFO - Prediction completed: 2 posts ranked in 952.96ms
2025-12-09 10:59:18,261 - api.routes - INFO - Prediction completed: 2 posts ranked in 961.99ms
2025-12-09 10:59:24,928 - inference - INFO - Using device: cpu
2025-12-09 10:59:27,265 - inference - INFO - PhoBERT model loaded successfully
2025-12-09 11:00:40,899 - api.routes - INFO - Initializing prediction service singleton...
2025-12-09 11:00:40,900 - services.prediction_service - INFO - Loading ML models...
2025-12-09 11:00:46,572 - api.routes - INFO - Prediction request for user: 31ba8a23-8a4e-4b24-99c2-0d768e617e71, candidates: 2
2025-12-09 11:00:47,536 - services.prediction_service - ERROR - Error processing post 6937148feb61c718b7804300: unsupported operand type(s) for *: 'NoneType' and 'float'
2025-12-09 11:00:47,628 - services.prediction_service - ERROR - Error processing post 69379a305a8af849a3a4ede6: unsupported operand type(s) for *: 'NoneType' and 'float'
2025-12-09 11:00:47,629 - services.prediction_service - INFO - Prediction completed: 0 posts ranked in 1055.20ms
2025-12-09 11:00:47,629 - api.routes - INFO - Prediction completed: 0 posts ranked in 1057.18ms
2025-12-09 11:04:03,154 - api.routes - INFO - Prediction request for user: 31ba8a23-8a4e-4b24-99c2-0d768e617e71, candidates: 2
2025-12-09 11:04:03,262 - services.prediction_service - ERROR - Error processing post 6937148feb61c718b7804300: unsupported operand type(s) for *: 'NoneType' and 'float'
2025-12-09 11:04:03,316 - services.prediction_service - ERROR - Error processing post 69379a305a8af849a3a4ede6: unsupported operand type(s) for *: 'NoneType' and 'float'
2025-12-09 11:04:03,316 - services.prediction_service - INFO - Prediction completed: 0 posts ranked in 160.39ms
2025-12-09 11:04:03,317 - api.routes - INFO - Prediction completed: 0 posts ranked in 162.40ms
2025-12-09 11:04:50,741 - api.routes - INFO - Prediction request for user: 31ba8a23-8a4e-4b24-99c2-0d768e617e71, candidates: 2
2025-12-09 11:04:50,870 - services.prediction_service - ERROR - Error processing post 6937148feb61c718b7804300: unsupported operand type(s) for *: 'NoneType' and 'float'
2025-12-09 11:04:50,932 - services.prediction_service - ERROR - Error processing post 69379a305a8af849a3a4ede6: unsupported operand type(s) for *: 'NoneType' and 'float'
2025-12-09 11:04:50,933 - services.prediction_service - INFO - Prediction completed: 0 posts ranked in 190.39ms
2025-12-09 11:04:50,933 - api.routes - INFO - Prediction completed: 0 posts ranked in 191.90ms
