2025-12-08 19:15:17,910 - watchfiles.main - INFO - 1 change detected
2025-12-08 19:15:18,779 - watchfiles.main - INFO - 1 change detected
2025-12-08 19:15:19,060 - app - INFO - Starting Python ML Recommendation Service...
2025-12-08 19:15:19,060 - app - INFO - Model path: vinai/phobert-base
2025-12-08 19:15:19,061 - app - INFO - Redis: localhost:6380
2025-12-08 19:15:19,061 - services.prediction_service - INFO - Loading ML models...
2025-12-08 19:15:19,134 - watchfiles.main - INFO - 5 changes detected
2025-12-08 19:15:19,542 - watchfiles.main - INFO - 1 change detected
2025-12-08 19:15:19,947 - watchfiles.main - INFO - 1 change detected
2025-12-08 19:15:20,352 - watchfiles.main - INFO - 1 change detected
2025-12-08 19:15:20,757 - watchfiles.main - INFO - 1 change detected
2025-12-08 19:15:21,164 - watchfiles.main - INFO - 1 change detected
2025-12-08 19:15:21,567 - watchfiles.main - INFO - 1 change detected
2025-12-08 19:15:21,933 - watchfiles.main - INFO - 1 change detected
2025-12-08 19:15:22,340 - watchfiles.main - INFO - 1 change detected
2025-12-08 19:15:22,743 - watchfiles.main - INFO - 1 change detected
2025-12-08 19:15:23,146 - watchfiles.main - INFO - 1 change detected
2025-12-08 19:15:23,549 - watchfiles.main - INFO - 1 change detected
2025-12-08 19:15:23,963 - watchfiles.main - INFO - 1 change detected
2025-12-08 19:15:24,371 - watchfiles.main - INFO - 1 change detected
2025-12-08 19:15:24,774 - watchfiles.main - INFO - 1 change detected
2025-12-08 19:15:25,178 - watchfiles.main - INFO - 1 change detected
2025-12-08 19:15:25,582 - watchfiles.main - INFO - 1 change detected
2025-12-08 19:15:25,986 - watchfiles.main - INFO - 1 change detected
2025-12-08 19:15:26,393 - watchfiles.main - INFO - 1 change detected
2025-12-08 19:15:26,798 - watchfiles.main - INFO - 1 change detected
2025-12-08 19:15:27,205 - watchfiles.main - INFO - 1 change detected
2025-12-08 19:15:27,609 - watchfiles.main - INFO - 1 change detected
2025-12-08 19:15:28,013 - watchfiles.main - INFO - 1 change detected
2025-12-08 19:15:28,416 - watchfiles.main - INFO - 1 change detected
2025-12-08 19:15:28,818 - watchfiles.main - INFO - 1 change detected
2025-12-08 19:15:29,224 - watchfiles.main - INFO - 1 change detected
2025-12-08 19:15:29,626 - watchfiles.main - INFO - 1 change detected
2025-12-08 19:15:30,030 - watchfiles.main - INFO - 1 change detected
2025-12-08 19:15:30,397 - watchfiles.main - INFO - 1 change detected
2025-12-08 19:15:30,805 - watchfiles.main - INFO - 1 change detected
2025-12-08 19:15:31,212 - watchfiles.main - INFO - 1 change detected
2025-12-08 19:15:31,616 - watchfiles.main - INFO - 1 change detected
2025-12-08 19:15:32,023 - watchfiles.main - INFO - 1 change detected
2025-12-08 19:15:32,426 - watchfiles.main - INFO - 1 change detected
2025-12-08 19:15:32,829 - watchfiles.main - INFO - 1 change detected
2025-12-08 19:15:33,248 - watchfiles.main - INFO - 1 change detected
2025-12-08 19:15:33,651 - watchfiles.main - INFO - 1 change detected
2025-12-08 19:15:34,259 - watchfiles.main - INFO - 1 change detected
2025-12-08 19:15:34,616 - watchfiles.main - INFO - 1 change detected
2025-12-08 19:15:35,024 - watchfiles.main - INFO - 1 change detected
2025-12-08 19:15:35,526 - watchfiles.main - INFO - 1 change detected
2025-12-08 19:15:35,938 - watchfiles.main - INFO - 1 change detected
2025-12-08 19:15:36,340 - watchfiles.main - INFO - 1 change detected
2025-12-08 19:15:36,849 - watchfiles.main - INFO - 1 change detected
2025-12-08 19:15:37,208 - watchfiles.main - INFO - 1 change detected
2025-12-08 19:15:37,568 - watchfiles.main - INFO - 1 change detected
2025-12-08 19:15:37,925 - watchfiles.main - INFO - 1 change detected
2025-12-08 19:15:38,332 - watchfiles.main - INFO - 1 change detected
2025-12-08 19:15:38,738 - watchfiles.main - INFO - 1 change detected
2025-12-08 19:15:39,143 - watchfiles.main - INFO - 1 change detected
2025-12-08 19:15:39,549 - watchfiles.main - INFO - 1 change detected
2025-12-08 19:15:39,955 - watchfiles.main - INFO - 1 change detected
2025-12-08 19:15:40,361 - watchfiles.main - INFO - 1 change detected
2025-12-08 19:15:40,766 - watchfiles.main - INFO - 1 change detected
2025-12-08 19:15:41,171 - watchfiles.main - INFO - 1 change detected
2025-12-08 19:15:41,577 - watchfiles.main - INFO - 1 change detected
2025-12-08 19:15:41,981 - watchfiles.main - INFO - 1 change detected
2025-12-08 19:15:42,387 - watchfiles.main - INFO - 1 change detected
2025-12-08 19:15:42,790 - watchfiles.main - INFO - 1 change detected
2025-12-08 19:15:43,192 - watchfiles.main - INFO - 1 change detected
2025-12-08 19:15:43,596 - watchfiles.main - INFO - 1 change detected
2025-12-08 19:15:44,000 - watchfiles.main - INFO - 1 change detected
2025-12-08 19:15:44,405 - watchfiles.main - INFO - 1 change detected
2025-12-08 19:15:44,774 - watchfiles.main - INFO - 1 change detected
2025-12-08 19:15:45,183 - watchfiles.main - INFO - 1 change detected
2025-12-08 19:15:45,589 - watchfiles.main - INFO - 1 change detected
2025-12-08 19:15:45,996 - watchfiles.main - INFO - 1 change detected
2025-12-08 19:15:46,401 - watchfiles.main - INFO - 1 change detected
2025-12-08 19:15:46,805 - watchfiles.main - INFO - 1 change detected
2025-12-08 19:15:47,208 - watchfiles.main - INFO - 1 change detected
2025-12-08 19:15:47,614 - watchfiles.main - INFO - 1 change detected
2025-12-08 19:15:48,019 - watchfiles.main - INFO - 1 change detected
2025-12-08 19:15:48,426 - watchfiles.main - INFO - 1 change detected
2025-12-08 19:15:48,830 - watchfiles.main - INFO - 1 change detected
2025-12-08 19:15:49,250 - watchfiles.main - INFO - 1 change detected
2025-12-08 19:15:49,667 - watchfiles.main - INFO - 1 change detected
2025-12-08 19:15:50,071 - watchfiles.main - INFO - 1 change detected
2025-12-08 19:15:50,476 - watchfiles.main - INFO - 1 change detected
2025-12-08 19:15:50,880 - watchfiles.main - INFO - 1 change detected
2025-12-08 19:15:51,285 - watchfiles.main - INFO - 1 change detected
2025-12-08 19:15:51,652 - watchfiles.main - INFO - 1 change detected
2025-12-08 19:15:52,058 - watchfiles.main - INFO - 1 change detected
2025-12-08 19:15:52,463 - watchfiles.main - INFO - 1 change detected
2025-12-08 19:15:52,879 - watchfiles.main - INFO - 1 change detected
2025-12-08 19:15:53,293 - watchfiles.main - INFO - 1 change detected
2025-12-08 19:15:53,660 - watchfiles.main - INFO - 1 change detected
2025-12-08 19:15:54,067 - watchfiles.main - INFO - 1 change detected
2025-12-08 19:15:54,470 - watchfiles.main - INFO - 1 change detected
2025-12-08 19:15:54,875 - watchfiles.main - INFO - 1 change detected
2025-12-08 19:15:55,281 - watchfiles.main - INFO - 1 change detected
2025-12-08 19:15:55,686 - watchfiles.main - INFO - 1 change detected
2025-12-08 19:15:56,088 - watchfiles.main - INFO - 1 change detected
2025-12-08 19:15:56,493 - watchfiles.main - INFO - 1 change detected
2025-12-08 19:15:56,895 - watchfiles.main - INFO - 1 change detected
2025-12-08 19:15:57,300 - watchfiles.main - INFO - 1 change detected
2025-12-08 19:15:57,705 - watchfiles.main - INFO - 1 change detected
2025-12-08 19:15:58,113 - watchfiles.main - INFO - 1 change detected
2025-12-08 19:15:58,517 - watchfiles.main - INFO - 1 change detected
2025-12-08 19:15:58,920 - watchfiles.main - INFO - 1 change detected
2025-12-08 19:15:59,324 - watchfiles.main - INFO - 1 change detected
2025-12-08 19:15:59,730 - watchfiles.main - INFO - 1 change detected
2025-12-08 19:16:00,145 - watchfiles.main - INFO - 1 change detected
2025-12-08 19:16:00,549 - watchfiles.main - INFO - 1 change detected
2025-12-08 19:16:00,953 - watchfiles.main - INFO - 1 change detected
2025-12-08 19:16:01,355 - watchfiles.main - INFO - 1 change detected
2025-12-08 19:16:01,759 - watchfiles.main - INFO - 1 change detected
2025-12-08 19:16:02,164 - watchfiles.main - INFO - 1 change detected
2025-12-08 19:16:02,572 - watchfiles.main - INFO - 1 change detected
2025-12-08 19:16:02,974 - watchfiles.main - INFO - 1 change detected
2025-12-08 19:16:03,339 - watchfiles.main - INFO - 1 change detected
2025-12-08 19:16:03,744 - watchfiles.main - INFO - 1 change detected
2025-12-08 19:16:04,150 - watchfiles.main - INFO - 1 change detected
2025-12-08 19:16:04,568 - watchfiles.main - INFO - 1 change detected
2025-12-08 19:16:04,973 - watchfiles.main - INFO - 1 change detected
2025-12-08 19:16:05,375 - watchfiles.main - INFO - 1 change detected
2025-12-08 19:16:05,780 - watchfiles.main - INFO - 1 change detected
2025-12-08 19:16:06,182 - watchfiles.main - INFO - 1 change detected
2025-12-08 19:16:06,588 - watchfiles.main - INFO - 1 change detected
2025-12-08 19:16:06,993 - watchfiles.main - INFO - 1 change detected
2025-12-08 19:16:07,396 - watchfiles.main - INFO - 1 change detected
2025-12-08 19:16:07,801 - watchfiles.main - INFO - 1 change detected
2025-12-08 19:16:08,205 - watchfiles.main - INFO - 1 change detected
2025-12-08 19:16:08,609 - watchfiles.main - INFO - 1 change detected
2025-12-08 19:16:09,013 - watchfiles.main - INFO - 1 change detected
2025-12-08 19:16:09,381 - watchfiles.main - INFO - 1 change detected
2025-12-08 19:16:09,789 - watchfiles.main - INFO - 1 change detected
2025-12-08 19:16:10,195 - watchfiles.main - INFO - 1 change detected
2025-12-08 19:16:10,599 - watchfiles.main - INFO - 1 change detected
2025-12-08 19:16:11,000 - watchfiles.main - INFO - 1 change detected
2025-12-08 19:16:11,407 - watchfiles.main - INFO - 1 change detected
2025-12-08 19:16:11,812 - watchfiles.main - INFO - 1 change detected
2025-12-08 19:16:12,216 - watchfiles.main - INFO - 1 change detected
2025-12-08 19:16:12,623 - watchfiles.main - INFO - 1 change detected
2025-12-08 19:16:13,027 - watchfiles.main - INFO - 1 change detected
2025-12-08 19:16:13,428 - watchfiles.main - INFO - 1 change detected
2025-12-08 19:16:13,832 - watchfiles.main - INFO - 1 change detected
2025-12-08 19:16:14,237 - watchfiles.main - INFO - 1 change detected
2025-12-08 19:16:14,641 - watchfiles.main - INFO - 1 change detected
2025-12-08 19:16:15,044 - watchfiles.main - INFO - 1 change detected
2025-12-08 19:16:15,462 - watchfiles.main - INFO - 1 change detected
2025-12-08 19:16:15,869 - watchfiles.main - INFO - 1 change detected
2025-12-08 19:16:16,273 - watchfiles.main - INFO - 1 change detected
2025-12-08 19:16:16,677 - watchfiles.main - INFO - 1 change detected
2025-12-08 19:16:17,081 - watchfiles.main - INFO - 1 change detected
2025-12-08 19:16:17,486 - watchfiles.main - INFO - 1 change detected
2025-12-08 19:16:17,890 - watchfiles.main - INFO - 1 change detected
2025-12-08 19:16:18,293 - watchfiles.main - INFO - 1 change detected
2025-12-08 19:16:18,710 - watchfiles.main - INFO - 1 change detected
2025-12-08 19:16:19,125 - watchfiles.main - INFO - 1 change detected
2025-12-08 19:16:19,530 - watchfiles.main - INFO - 1 change detected
2025-12-08 19:16:19,888 - watchfiles.main - INFO - 1 change detected
2025-12-08 19:16:20,295 - watchfiles.main - INFO - 1 change detected
2025-12-08 19:16:20,700 - watchfiles.main - INFO - 1 change detected
2025-12-08 19:16:21,103 - watchfiles.main - INFO - 1 change detected
2025-12-08 19:16:21,521 - watchfiles.main - INFO - 1 change detected
2025-12-08 19:16:21,886 - watchfiles.main - INFO - 1 change detected
2025-12-08 19:16:22,294 - watchfiles.main - INFO - 1 change detected
2025-12-08 19:16:22,699 - watchfiles.main - INFO - 1 change detected
2025-12-08 19:16:23,104 - watchfiles.main - INFO - 1 change detected
2025-12-08 19:16:23,506 - watchfiles.main - INFO - 1 change detected
2025-12-08 19:16:23,921 - watchfiles.main - INFO - 1 change detected
2025-12-08 19:16:24,326 - watchfiles.main - INFO - 1 change detected
2025-12-08 19:16:24,729 - watchfiles.main - INFO - 1 change detected
2025-12-08 19:16:25,134 - watchfiles.main - INFO - 1 change detected
2025-12-08 19:16:25,539 - watchfiles.main - INFO - 1 change detected
2025-12-08 19:16:25,956 - watchfiles.main - INFO - 1 change detected
2025-12-08 19:16:26,361 - watchfiles.main - INFO - 1 change detected
2025-12-08 19:16:26,766 - watchfiles.main - INFO - 1 change detected
2025-12-08 19:16:27,172 - watchfiles.main - INFO - 1 change detected
2025-12-08 19:16:27,577 - watchfiles.main - INFO - 1 change detected
2025-12-08 19:16:27,934 - watchfiles.main - INFO - 1 change detected
2025-12-08 19:16:28,344 - watchfiles.main - INFO - 1 change detected
2025-12-08 19:16:28,745 - watchfiles.main - INFO - 1 change detected
2025-12-08 19:16:29,148 - watchfiles.main - INFO - 1 change detected
2025-12-08 19:16:29,565 - watchfiles.main - INFO - 1 change detected
2025-12-08 19:16:29,970 - watchfiles.main - INFO - 1 change detected
2025-12-08 19:16:30,375 - watchfiles.main - INFO - 1 change detected
2025-12-08 19:16:30,793 - watchfiles.main - INFO - 1 change detected
2025-12-08 19:16:31,195 - watchfiles.main - INFO - 1 change detected
2025-12-08 19:16:31,599 - watchfiles.main - INFO - 1 change detected
2025-12-08 19:16:32,005 - watchfiles.main - INFO - 1 change detected
2025-12-08 19:16:32,409 - watchfiles.main - INFO - 1 change detected
2025-12-08 19:16:32,816 - watchfiles.main - INFO - 1 change detected
2025-12-08 19:16:33,219 - watchfiles.main - INFO - 1 change detected
2025-12-08 19:16:33,587 - watchfiles.main - INFO - 1 change detected
2025-12-08 19:16:33,996 - watchfiles.main - INFO - 1 change detected
2025-12-08 19:16:34,402 - watchfiles.main - INFO - 1 change detected
2025-12-08 19:16:34,805 - watchfiles.main - INFO - 1 change detected
2025-12-08 19:16:35,213 - watchfiles.main - INFO - 1 change detected
2025-12-08 19:16:35,618 - watchfiles.main - INFO - 1 change detected
2025-12-08 19:16:36,034 - watchfiles.main - INFO - 1 change detected
2025-12-08 19:16:36,439 - watchfiles.main - INFO - 1 change detected
2025-12-08 19:16:36,856 - watchfiles.main - INFO - 1 change detected
2025-12-08 19:16:37,261 - watchfiles.main - INFO - 1 change detected
2025-12-08 19:16:37,667 - watchfiles.main - INFO - 1 change detected
2025-12-08 19:16:38,074 - watchfiles.main - INFO - 1 change detected
2025-12-08 19:16:38,478 - watchfiles.main - INFO - 1 change detected
2025-12-08 19:16:38,882 - watchfiles.main - INFO - 1 change detected
2025-12-08 19:16:39,288 - watchfiles.main - INFO - 1 change detected
2025-12-08 19:16:39,692 - watchfiles.main - INFO - 1 change detected
2025-12-08 19:16:40,096 - watchfiles.main - INFO - 1 change detected
2025-12-08 19:16:40,462 - watchfiles.main - INFO - 1 change detected
2025-12-08 19:16:40,872 - watchfiles.main - INFO - 1 change detected
2025-12-08 19:16:41,277 - watchfiles.main - INFO - 1 change detected
2025-12-08 19:16:41,680 - watchfiles.main - INFO - 1 change detected
2025-12-08 19:16:42,084 - watchfiles.main - INFO - 1 change detected
2025-12-08 19:16:42,489 - watchfiles.main - INFO - 1 change detected
2025-12-08 19:16:42,895 - watchfiles.main - INFO - 1 change detected
2025-12-08 19:16:43,297 - watchfiles.main - INFO - 1 change detected
2025-12-08 19:16:43,714 - watchfiles.main - INFO - 1 change detected
2025-12-08 19:16:44,120 - watchfiles.main - INFO - 1 change detected
2025-12-08 19:16:44,523 - watchfiles.main - INFO - 1 change detected
2025-12-08 19:16:44,878 - watchfiles.main - INFO - 1 change detected
2025-12-08 19:16:45,291 - watchfiles.main - INFO - 1 change detected
2025-12-08 19:16:45,694 - watchfiles.main - INFO - 1 change detected
2025-12-08 19:16:46,098 - watchfiles.main - INFO - 1 change detected
2025-12-08 19:16:46,503 - watchfiles.main - INFO - 1 change detected
2025-12-08 19:16:46,907 - watchfiles.main - INFO - 1 change detected
2025-12-08 19:16:47,327 - watchfiles.main - INFO - 1 change detected
2025-12-08 19:16:47,729 - watchfiles.main - INFO - 1 change detected
2025-12-08 19:16:48,133 - watchfiles.main - INFO - 1 change detected
2025-12-08 19:16:48,539 - watchfiles.main - INFO - 1 change detected
2025-12-08 19:16:48,941 - watchfiles.main - INFO - 1 change detected
2025-12-08 19:16:49,348 - watchfiles.main - INFO - 1 change detected
2025-12-08 19:16:49,750 - watchfiles.main - INFO - 1 change detected
2025-12-08 19:16:50,154 - watchfiles.main - INFO - 1 change detected
2025-12-08 19:16:50,559 - watchfiles.main - INFO - 1 change detected
2025-12-08 19:16:50,962 - watchfiles.main - INFO - 1 change detected
2025-12-08 19:16:51,368 - watchfiles.main - INFO - 1 change detected
2025-12-08 19:16:51,733 - watchfiles.main - INFO - 1 change detected
2025-12-08 19:16:52,139 - watchfiles.main - INFO - 1 change detected
2025-12-08 19:16:52,541 - watchfiles.main - INFO - 1 change detected
2025-12-08 19:16:52,944 - watchfiles.main - INFO - 1 change detected
2025-12-08 19:16:53,348 - watchfiles.main - INFO - 1 change detected
2025-12-08 19:16:53,764 - watchfiles.main - INFO - 1 change detected
2025-12-08 19:16:54,168 - watchfiles.main - INFO - 1 change detected
2025-12-08 19:16:54,574 - watchfiles.main - INFO - 1 change detected
2025-12-08 19:16:54,991 - watchfiles.main - INFO - 1 change detected
2025-12-08 19:16:55,393 - watchfiles.main - INFO - 1 change detected
2025-12-08 19:16:55,800 - watchfiles.main - INFO - 1 change detected
2025-12-08 19:16:56,203 - watchfiles.main - INFO - 1 change detected
2025-12-08 19:16:56,607 - watchfiles.main - INFO - 1 change detected
2025-12-08 19:16:57,012 - watchfiles.main - INFO - 1 change detected
2025-12-08 19:16:57,428 - watchfiles.main - INFO - 1 change detected
2025-12-08 19:16:57,832 - watchfiles.main - INFO - 1 change detected
2025-12-08 19:16:58,237 - watchfiles.main - INFO - 1 change detected
2025-12-08 19:16:58,642 - watchfiles.main - INFO - 1 change detected
2025-12-08 19:16:59,008 - watchfiles.main - INFO - 1 change detected
2025-12-08 19:16:59,418 - watchfiles.main - INFO - 1 change detected
2025-12-08 19:16:59,836 - watchfiles.main - INFO - 1 change detected
2025-12-08 19:17:00,256 - watchfiles.main - INFO - 1 change detected
2025-12-08 19:17:00,659 - watchfiles.main - INFO - 1 change detected
2025-12-08 19:17:01,061 - watchfiles.main - INFO - 1 change detected
2025-12-08 19:17:01,466 - watchfiles.main - INFO - 1 change detected
2025-12-08 19:17:01,872 - watchfiles.main - INFO - 1 change detected
2025-12-08 19:17:02,277 - watchfiles.main - INFO - 1 change detected
2025-12-08 19:17:02,682 - watchfiles.main - INFO - 1 change detected
2025-12-08 19:17:03,086 - watchfiles.main - INFO - 1 change detected
2025-12-08 19:17:03,491 - watchfiles.main - INFO - 1 change detected
2025-12-08 19:17:03,894 - watchfiles.main - INFO - 1 change detected
2025-12-08 19:17:04,297 - watchfiles.main - INFO - 1 change detected
2025-12-08 19:17:04,701 - watchfiles.main - INFO - 1 change detected
2025-12-08 19:17:05,105 - watchfiles.main - INFO - 1 change detected
2025-12-08 19:17:05,510 - watchfiles.main - INFO - 1 change detected
2025-12-08 19:17:05,915 - watchfiles.main - INFO - 1 change detected
2025-12-08 19:17:06,320 - watchfiles.main - INFO - 1 change detected
2025-12-08 19:17:06,724 - watchfiles.main - INFO - 1 change detected
2025-12-08 19:17:07,090 - watchfiles.main - INFO - 1 change detected
2025-12-08 19:17:07,496 - watchfiles.main - INFO - 1 change detected
2025-12-08 19:17:07,901 - watchfiles.main - INFO - 1 change detected
2025-12-08 19:17:08,307 - watchfiles.main - INFO - 1 change detected
2025-12-08 19:17:08,713 - watchfiles.main - INFO - 1 change detected
2025-12-08 19:17:09,117 - watchfiles.main - INFO - 1 change detected
2025-12-08 19:17:09,522 - watchfiles.main - INFO - 1 change detected
2025-12-08 19:17:09,929 - watchfiles.main - INFO - 1 change detected
2025-12-08 19:17:10,331 - watchfiles.main - INFO - 1 change detected
2025-12-08 19:17:10,735 - watchfiles.main - INFO - 1 change detected
2025-12-08 19:17:11,140 - watchfiles.main - INFO - 1 change detected
2025-12-08 19:17:11,546 - watchfiles.main - INFO - 1 change detected
2025-12-08 19:17:11,951 - watchfiles.main - INFO - 1 change detected
2025-12-08 19:17:12,357 - watchfiles.main - INFO - 1 change detected
2025-12-08 19:17:12,759 - watchfiles.main - INFO - 1 change detected
2025-12-08 19:17:13,162 - watchfiles.main - INFO - 1 change detected
2025-12-08 19:17:13,568 - watchfiles.main - INFO - 1 change detected
2025-12-08 19:17:13,934 - watchfiles.main - INFO - 1 change detected
2025-12-08 19:17:14,341 - watchfiles.main - INFO - 1 change detected
2025-12-08 19:17:14,743 - watchfiles.main - INFO - 1 change detected
2025-12-08 19:17:15,148 - watchfiles.main - INFO - 1 change detected
2025-12-08 19:17:15,552 - watchfiles.main - INFO - 1 change detected
2025-12-08 19:17:15,956 - watchfiles.main - INFO - 1 change detected
2025-12-08 19:17:16,361 - watchfiles.main - INFO - 1 change detected
2025-12-08 19:17:16,780 - watchfiles.main - INFO - 1 change detected
2025-12-08 19:17:17,185 - watchfiles.main - INFO - 1 change detected
2025-12-08 19:17:17,589 - watchfiles.main - INFO - 1 change detected
2025-12-08 19:17:17,994 - watchfiles.main - INFO - 1 change detected
2025-12-08 19:17:18,398 - watchfiles.main - INFO - 1 change detected
2025-12-08 19:17:18,806 - watchfiles.main - INFO - 1 change detected
2025-12-08 19:17:19,211 - watchfiles.main - INFO - 1 change detected
2025-12-08 19:17:19,617 - watchfiles.main - INFO - 1 change detected
2025-12-08 19:17:20,019 - watchfiles.main - INFO - 1 change detected
2025-12-08 19:17:20,423 - watchfiles.main - INFO - 1 change detected
2025-12-08 19:17:20,826 - watchfiles.main - INFO - 1 change detected
2025-12-08 19:17:21,229 - watchfiles.main - INFO - 1 change detected
2025-12-08 19:17:21,632 - watchfiles.main - INFO - 1 change detected
2025-12-08 19:17:22,037 - watchfiles.main - INFO - 1 change detected
2025-12-08 19:17:22,439 - watchfiles.main - INFO - 1 change detected
2025-12-08 19:17:22,842 - watchfiles.main - INFO - 1 change detected
2025-12-08 19:17:23,257 - watchfiles.main - INFO - 1 change detected
2025-12-08 19:17:23,660 - watchfiles.main - INFO - 1 change detected
2025-12-08 19:17:24,063 - watchfiles.main - INFO - 1 change detected
2025-12-08 19:17:24,465 - watchfiles.main - INFO - 1 change detected
2025-12-08 19:17:24,868 - watchfiles.main - INFO - 1 change detected
2025-12-08 19:17:25,272 - watchfiles.main - INFO - 1 change detected
2025-12-08 19:17:25,674 - watchfiles.main - INFO - 1 change detected
2025-12-08 19:17:26,079 - watchfiles.main - INFO - 1 change detected
2025-12-08 19:17:26,446 - watchfiles.main - INFO - 1 change detected
2025-12-08 19:17:26,855 - watchfiles.main - INFO - 1 change detected
2025-12-08 19:17:27,260 - watchfiles.main - INFO - 1 change detected
2025-12-08 19:17:27,666 - watchfiles.main - INFO - 1 change detected
2025-12-08 19:17:28,071 - watchfiles.main - INFO - 1 change detected
2025-12-08 19:17:28,476 - watchfiles.main - INFO - 1 change detected
2025-12-08 19:17:28,881 - watchfiles.main - INFO - 1 change detected
2025-12-08 19:17:29,285 - watchfiles.main - INFO - 1 change detected
2025-12-08 19:17:29,690 - watchfiles.main - INFO - 1 change detected
2025-12-08 19:17:30,096 - watchfiles.main - INFO - 1 change detected
2025-12-08 19:17:30,501 - watchfiles.main - INFO - 1 change detected
2025-12-08 19:17:30,907 - watchfiles.main - INFO - 1 change detected
2025-12-08 19:17:31,325 - watchfiles.main - INFO - 1 change detected
2025-12-08 19:17:31,728 - watchfiles.main - INFO - 1 change detected
2025-12-08 19:17:32,131 - watchfiles.main - INFO - 1 change detected
2025-12-08 19:17:32,537 - watchfiles.main - INFO - 1 change detected
2025-12-08 19:17:32,941 - watchfiles.main - INFO - 1 change detected
2025-12-08 19:17:33,344 - watchfiles.main - INFO - 1 change detected
2025-12-08 19:17:33,747 - watchfiles.main - INFO - 1 change detected
2025-12-08 19:17:34,151 - watchfiles.main - INFO - 1 change detected
2025-12-08 19:17:34,519 - watchfiles.main - INFO - 1 change detected
2025-12-08 19:17:34,929 - watchfiles.main - INFO - 1 change detected
2025-12-08 19:17:35,332 - watchfiles.main - INFO - 1 change detected
2025-12-08 19:17:35,735 - watchfiles.main - INFO - 1 change detected
2025-12-08 19:17:36,143 - watchfiles.main - INFO - 1 change detected
2025-12-08 19:17:36,547 - watchfiles.main - INFO - 1 change detected
2025-12-08 19:17:36,951 - watchfiles.main - INFO - 1 change detected
2025-12-08 19:17:37,356 - watchfiles.main - INFO - 1 change detected
2025-12-08 19:17:37,715 - app - INFO - Shutting down Python ML Recommendation Service...
2025-12-08 19:24:14,916 - app - INFO - Starting Python ML Recommendation Service...
2025-12-08 19:24:14,916 - app - INFO - Model path: vinai/phobert-base
2025-12-08 19:24:14,916 - app - INFO - Redis: localhost:6380
2025-12-08 19:24:14,916 - services.prediction_service - INFO - Loading ML models...
2025-12-08 19:25:39,190 - watchfiles.main - INFO - 3 changes detected
2025-12-08 19:25:45,096 - app - INFO - Shutting down Python ML Recommendation Service...
2025-12-08 19:25:45,958 - watchfiles.main - INFO - 1 change detected
2025-12-08 19:25:47,904 - app - INFO - Starting Python ML Recommendation Service...
2025-12-08 19:25:47,904 - app - INFO - Model path: vinai/phobert-base
2025-12-08 19:25:47,904 - app - INFO - Redis: localhost:6380
2025-12-08 19:25:47,905 - services.prediction_service - INFO - Loading ML models...
2025-12-08 19:25:47,926 - watchfiles.main - INFO - 1 change detected
2025-12-08 19:25:48,291 - watchfiles.main - INFO - 1 change detected
2025-12-08 19:25:48,699 - watchfiles.main - INFO - 1 change detected
2025-12-08 19:25:49,100 - watchfiles.main - INFO - 1 change detected
2025-12-08 19:25:49,505 - watchfiles.main - INFO - 1 change detected
2025-12-08 19:25:49,908 - watchfiles.main - INFO - 1 change detected
2025-12-08 19:25:50,324 - watchfiles.main - INFO - 1 change detected
2025-12-08 19:25:50,729 - watchfiles.main - INFO - 1 change detected
2025-12-08 19:25:51,133 - watchfiles.main - INFO - 1 change detected
2025-12-08 19:25:51,536 - watchfiles.main - INFO - 1 change detected
2025-12-08 19:25:51,941 - watchfiles.main - INFO - 1 change detected
2025-12-08 19:25:52,345 - watchfiles.main - INFO - 1 change detected
2025-12-08 19:25:52,751 - watchfiles.main - INFO - 1 change detected
2025-12-08 19:25:53,118 - watchfiles.main - INFO - 1 change detected
2025-12-08 19:25:53,524 - watchfiles.main - INFO - 1 change detected
2025-12-08 19:25:53,929 - watchfiles.main - INFO - 1 change detected
2025-12-08 19:25:54,333 - watchfiles.main - INFO - 1 change detected
2025-12-08 19:25:54,737 - watchfiles.main - INFO - 1 change detected
2025-12-08 19:25:55,143 - watchfiles.main - INFO - 1 change detected
2025-12-08 19:25:55,560 - watchfiles.main - INFO - 1 change detected
2025-12-08 19:25:55,963 - watchfiles.main - INFO - 1 change detected
2025-12-08 19:25:56,366 - watchfiles.main - INFO - 1 change detected
2025-12-08 19:25:56,769 - watchfiles.main - INFO - 1 change detected
2025-12-08 19:25:57,172 - watchfiles.main - INFO - 1 change detected
2025-12-08 19:25:57,529 - watchfiles.main - INFO - 2 changes detected
2025-12-08 19:25:57,888 - watchfiles.main - INFO - 1 change detected
2025-12-08 19:25:58,243 - watchfiles.main - INFO - 1 change detected
2025-12-08 19:25:58,601 - watchfiles.main - INFO - 1 change detected
2025-12-08 19:25:58,957 - watchfiles.main - INFO - 1 change detected
2025-12-08 19:25:59,368 - watchfiles.main - INFO - 1 change detected
2025-12-08 19:25:59,782 - watchfiles.main - INFO - 1 change detected
2025-12-08 19:26:00,188 - watchfiles.main - INFO - 1 change detected
2025-12-08 19:26:00,592 - watchfiles.main - INFO - 1 change detected
2025-12-08 19:26:00,996 - watchfiles.main - INFO - 1 change detected
2025-12-08 19:26:01,402 - watchfiles.main - INFO - 1 change detected
2025-12-08 19:26:01,804 - watchfiles.main - INFO - 1 change detected
2025-12-08 19:26:02,209 - watchfiles.main - INFO - 1 change detected
2025-12-08 19:26:02,577 - watchfiles.main - INFO - 1 change detected
2025-12-08 19:26:02,985 - watchfiles.main - INFO - 1 change detected
2025-12-08 19:26:03,387 - watchfiles.main - INFO - 1 change detected
2025-12-08 19:26:03,791 - watchfiles.main - INFO - 1 change detected
2025-12-08 19:26:04,199 - watchfiles.main - INFO - 1 change detected
2025-12-08 19:26:04,603 - watchfiles.main - INFO - 1 change detected
2025-12-08 19:26:05,008 - watchfiles.main - INFO - 1 change detected
2025-12-08 19:26:05,413 - watchfiles.main - INFO - 1 change detected
2025-12-08 19:26:05,829 - watchfiles.main - INFO - 1 change detected
2025-12-08 19:26:06,235 - watchfiles.main - INFO - 1 change detected
2025-12-08 19:26:06,639 - watchfiles.main - INFO - 1 change detected
2025-12-08 19:26:07,042 - watchfiles.main - INFO - 1 change detected
2025-12-08 19:26:07,446 - watchfiles.main - INFO - 1 change detected
2025-12-08 19:26:07,863 - watchfiles.main - INFO - 1 change detected
2025-12-08 19:26:08,217 - watchfiles.main - INFO - 1 change detected
2025-12-08 19:26:08,624 - watchfiles.main - INFO - 1 change detected
2025-12-08 19:26:09,029 - watchfiles.main - INFO - 1 change detected
2025-12-08 19:26:09,436 - watchfiles.main - INFO - 1 change detected
2025-12-08 19:26:09,839 - watchfiles.main - INFO - 1 change detected
2025-12-08 19:26:10,256 - watchfiles.main - INFO - 1 change detected
2025-12-08 19:26:10,661 - watchfiles.main - INFO - 1 change detected
2025-12-08 19:26:11,027 - watchfiles.main - INFO - 1 change detected
2025-12-08 19:26:11,433 - watchfiles.main - INFO - 1 change detected
2025-12-08 19:26:11,837 - watchfiles.main - INFO - 1 change detected
2025-12-08 19:26:12,241 - watchfiles.main - INFO - 1 change detected
2025-12-08 19:26:12,647 - watchfiles.main - INFO - 1 change detected
2025-12-08 19:26:13,051 - watchfiles.main - INFO - 1 change detected
2025-12-08 19:26:13,457 - watchfiles.main - INFO - 1 change detected
2025-12-08 19:26:13,860 - watchfiles.main - INFO - 1 change detected
2025-12-08 19:26:14,267 - watchfiles.main - INFO - 1 change detected
2025-12-08 19:26:14,671 - watchfiles.main - INFO - 1 change detected
2025-12-08 19:26:15,077 - watchfiles.main - INFO - 1 change detected
2025-12-08 19:26:15,532 - watchfiles.main - INFO - 1 change detected
2025-12-08 19:26:15,896 - watchfiles.main - INFO - 1 change detected
2025-12-08 19:26:16,306 - watchfiles.main - INFO - 1 change detected
2025-12-08 19:26:16,711 - watchfiles.main - INFO - 1 change detected
2025-12-08 19:26:17,115 - watchfiles.main - INFO - 1 change detected
2025-12-08 19:26:17,532 - watchfiles.main - INFO - 1 change detected
2025-12-08 19:26:17,935 - watchfiles.main - INFO - 1 change detected
2025-12-08 19:26:18,340 - watchfiles.main - INFO - 1 change detected
2025-12-08 19:26:18,757 - watchfiles.main - INFO - 1 change detected
2025-12-08 19:26:19,163 - watchfiles.main - INFO - 1 change detected
2025-12-08 19:26:19,571 - watchfiles.main - INFO - 1 change detected
2025-12-08 19:26:19,974 - watchfiles.main - INFO - 1 change detected
2025-12-08 19:26:20,380 - watchfiles.main - INFO - 1 change detected
2025-12-08 19:26:20,784 - watchfiles.main - INFO - 1 change detected
2025-12-08 19:26:21,188 - watchfiles.main - INFO - 1 change detected
2025-12-08 19:26:21,543 - watchfiles.main - INFO - 1 change detected
2025-12-08 19:26:21,949 - watchfiles.main - INFO - 1 change detected
2025-12-08 19:26:22,353 - watchfiles.main - INFO - 1 change detected
2025-12-08 19:26:22,757 - watchfiles.main - INFO - 1 change detected
2025-12-08 19:26:23,164 - watchfiles.main - INFO - 1 change detected
2025-12-08 19:26:23,567 - watchfiles.main - INFO - 1 change detected
2025-12-08 19:26:23,971 - watchfiles.main - INFO - 1 change detected
2025-12-08 19:26:24,438 - watchfiles.main - INFO - 1 change detected
2025-12-08 19:26:24,802 - watchfiles.main - INFO - 1 change detected
2025-12-08 19:26:25,213 - watchfiles.main - INFO - 1 change detected
2025-12-08 19:26:25,615 - watchfiles.main - INFO - 1 change detected
2025-12-08 19:26:26,031 - watchfiles.main - INFO - 1 change detected
2025-12-08 19:26:26,435 - watchfiles.main - INFO - 1 change detected
2025-12-08 19:26:26,841 - watchfiles.main - INFO - 1 change detected
2025-12-08 19:26:27,207 - watchfiles.main - INFO - 1 change detected
2025-12-08 19:26:27,615 - watchfiles.main - INFO - 1 change detected
2025-12-08 19:26:28,020 - watchfiles.main - INFO - 1 change detected
2025-12-08 19:26:28,423 - watchfiles.main - INFO - 1 change detected
2025-12-08 19:26:28,827 - watchfiles.main - INFO - 1 change detected
2025-12-08 19:26:29,233 - watchfiles.main - INFO - 1 change detected
2025-12-08 19:26:29,651 - watchfiles.main - INFO - 1 change detected
2025-12-08 19:26:30,055 - watchfiles.main - INFO - 1 change detected
2025-12-08 19:26:30,462 - watchfiles.main - INFO - 1 change detected
2025-12-08 19:26:30,865 - watchfiles.main - INFO - 1 change detected
2025-12-08 19:26:31,282 - watchfiles.main - INFO - 1 change detected
2025-12-08 19:26:31,688 - watchfiles.main - INFO - 1 change detected
2025-12-08 19:26:32,092 - watchfiles.main - INFO - 1 change detected
2025-12-08 19:26:32,495 - watchfiles.main - INFO - 1 change detected
2025-12-08 19:26:32,898 - watchfiles.main - INFO - 1 change detected
2025-12-08 19:26:33,304 - watchfiles.main - INFO - 1 change detected
2025-12-08 19:26:33,708 - watchfiles.main - INFO - 1 change detected
2025-12-08 19:26:34,112 - watchfiles.main - INFO - 1 change detected
2025-12-08 19:26:34,515 - watchfiles.main - INFO - 1 change detected
2025-12-08 19:26:34,919 - watchfiles.main - INFO - 1 change detected
2025-12-08 19:26:35,324 - watchfiles.main - INFO - 1 change detected
2025-12-08 19:26:35,727 - watchfiles.main - INFO - 1 change detected
2025-12-08 19:26:36,130 - watchfiles.main - INFO - 1 change detected
2025-12-08 19:26:36,533 - watchfiles.main - INFO - 1 change detected
2025-12-08 19:26:36,937 - watchfiles.main - INFO - 1 change detected
2025-12-08 19:26:37,343 - watchfiles.main - INFO - 1 change detected
2025-12-08 19:26:37,748 - watchfiles.main - INFO - 1 change detected
2025-12-08 19:26:38,152 - watchfiles.main - INFO - 1 change detected
2025-12-08 19:26:38,559 - watchfiles.main - INFO - 1 change detected
2025-12-08 19:26:38,963 - watchfiles.main - INFO - 1 change detected
2025-12-08 19:26:39,370 - watchfiles.main - INFO - 1 change detected
2025-12-08 19:26:39,775 - watchfiles.main - INFO - 1 change detected
2025-12-08 19:26:40,177 - watchfiles.main - INFO - 1 change detected
2025-12-08 19:26:40,585 - watchfiles.main - INFO - 1 change detected
2025-12-08 19:26:40,990 - watchfiles.main - INFO - 1 change detected
2025-12-08 19:26:41,397 - watchfiles.main - INFO - 1 change detected
2025-12-08 19:26:41,805 - watchfiles.main - INFO - 1 change detected
2025-12-08 19:26:42,158 - watchfiles.main - INFO - 1 change detected
2025-12-08 19:26:42,569 - watchfiles.main - INFO - 1 change detected
2025-12-08 19:26:42,973 - watchfiles.main - INFO - 1 change detected
2025-12-08 19:26:43,377 - watchfiles.main - INFO - 1 change detected
2025-12-08 19:26:43,781 - watchfiles.main - INFO - 1 change detected
2025-12-08 19:26:44,184 - watchfiles.main - INFO - 1 change detected
2025-12-08 19:26:44,590 - watchfiles.main - INFO - 1 change detected
2025-12-08 19:26:44,997 - watchfiles.main - INFO - 1 change detected
2025-12-08 19:26:45,400 - watchfiles.main - INFO - 1 change detected
2025-12-08 19:26:45,817 - watchfiles.main - INFO - 1 change detected
2025-12-08 19:26:46,222 - watchfiles.main - INFO - 1 change detected
2025-12-08 19:26:46,626 - watchfiles.main - INFO - 1 change detected
2025-12-08 19:26:47,033 - watchfiles.main - INFO - 1 change detected
2025-12-08 19:26:47,436 - watchfiles.main - INFO - 1 change detected
2025-12-08 19:26:47,843 - watchfiles.main - INFO - 1 change detected
2025-12-08 19:26:48,247 - watchfiles.main - INFO - 1 change detected
2025-12-08 19:26:48,652 - watchfiles.main - INFO - 1 change detected
2025-12-08 19:26:49,055 - watchfiles.main - INFO - 1 change detected
2025-12-08 19:26:49,459 - watchfiles.main - INFO - 1 change detected
2025-12-08 19:26:49,814 - watchfiles.main - INFO - 1 change detected
2025-12-08 19:26:50,223 - watchfiles.main - INFO - 1 change detected
2025-12-08 19:26:50,628 - watchfiles.main - INFO - 1 change detected
2025-12-08 19:26:51,032 - watchfiles.main - INFO - 1 change detected
2025-12-08 19:26:51,437 - watchfiles.main - INFO - 1 change detected
2025-12-08 19:26:51,840 - watchfiles.main - INFO - 1 change detected
2025-12-08 19:26:52,244 - watchfiles.main - INFO - 1 change detected
2025-12-08 19:26:52,654 - watchfiles.main - INFO - 1 change detected
2025-12-08 19:26:53,057 - watchfiles.main - INFO - 1 change detected
2025-12-08 19:26:53,460 - watchfiles.main - INFO - 1 change detected
2025-12-08 19:26:53,866 - watchfiles.main - INFO - 1 change detected
2025-12-08 19:26:54,270 - watchfiles.main - INFO - 1 change detected
2025-12-08 19:26:54,676 - watchfiles.main - INFO - 1 change detected
2025-12-08 19:26:55,082 - watchfiles.main - INFO - 1 change detected
2025-12-08 19:26:55,486 - watchfiles.main - INFO - 1 change detected
2025-12-08 19:26:55,889 - watchfiles.main - INFO - 1 change detected
2025-12-08 19:26:56,294 - watchfiles.main - INFO - 1 change detected
2025-12-08 19:26:56,699 - watchfiles.main - INFO - 1 change detected
2025-12-08 19:26:57,104 - watchfiles.main - INFO - 1 change detected
2025-12-08 19:26:57,509 - watchfiles.main - INFO - 1 change detected
2025-12-08 19:26:57,913 - watchfiles.main - INFO - 1 change detected
2025-12-08 19:26:58,317 - watchfiles.main - INFO - 1 change detected
2025-12-08 19:26:58,734 - watchfiles.main - INFO - 1 change detected
2025-12-08 19:26:59,090 - watchfiles.main - INFO - 1 change detected
2025-12-08 19:26:59,499 - watchfiles.main - INFO - 1 change detected
2025-12-08 19:26:59,903 - watchfiles.main - INFO - 1 change detected
2025-12-08 19:27:00,309 - watchfiles.main - INFO - 1 change detected
2025-12-08 19:27:00,714 - watchfiles.main - INFO - 1 change detected
2025-12-08 19:27:01,117 - watchfiles.main - INFO - 1 change detected
2025-12-08 19:27:01,519 - watchfiles.main - INFO - 1 change detected
2025-12-08 19:27:01,924 - watchfiles.main - INFO - 1 change detected
2025-12-08 19:27:02,329 - watchfiles.main - INFO - 1 change detected
2025-12-08 19:27:02,735 - watchfiles.main - INFO - 1 change detected
2025-12-08 19:27:03,139 - watchfiles.main - INFO - 1 change detected
2025-12-08 19:27:03,542 - watchfiles.main - INFO - 1 change detected
2025-12-08 19:27:03,949 - watchfiles.main - INFO - 1 change detected
2025-12-08 19:27:04,354 - watchfiles.main - INFO - 1 change detected
2025-12-08 19:27:04,758 - watchfiles.main - INFO - 1 change detected
2025-12-08 19:27:05,161 - watchfiles.main - INFO - 1 change detected
2025-12-08 19:27:05,565 - watchfiles.main - INFO - 1 change detected
2025-12-08 19:27:05,967 - watchfiles.main - INFO - 1 change detected
2025-12-08 19:27:06,375 - watchfiles.main - INFO - 1 change detected
2025-12-08 19:27:06,782 - watchfiles.main - INFO - 1 change detected
2025-12-08 19:27:07,186 - watchfiles.main - INFO - 1 change detected
2025-12-08 19:27:07,590 - watchfiles.main - INFO - 1 change detected
2025-12-08 19:27:07,995 - watchfiles.main - INFO - 1 change detected
2025-12-08 19:27:08,399 - watchfiles.main - INFO - 1 change detected
2025-12-08 19:27:08,803 - watchfiles.main - INFO - 1 change detected
2025-12-08 19:27:09,209 - watchfiles.main - INFO - 1 change detected
2025-12-08 19:27:09,613 - watchfiles.main - INFO - 1 change detected
2025-12-08 19:27:10,017 - watchfiles.main - INFO - 1 change detected
2025-12-08 19:27:10,420 - watchfiles.main - INFO - 1 change detected
2025-12-08 19:27:10,825 - watchfiles.main - INFO - 1 change detected
2025-12-08 19:27:11,232 - watchfiles.main - INFO - 1 change detected
2025-12-08 19:27:11,598 - watchfiles.main - INFO - 1 change detected
2025-12-08 19:27:12,006 - watchfiles.main - INFO - 1 change detected
2025-12-08 19:27:12,414 - watchfiles.main - INFO - 1 change detected
2025-12-08 19:27:12,819 - watchfiles.main - INFO - 1 change detected
2025-12-08 19:27:13,222 - watchfiles.main - INFO - 1 change detected
2025-12-08 19:27:13,630 - watchfiles.main - INFO - 1 change detected
2025-12-08 19:27:14,040 - watchfiles.main - INFO - 1 change detected
2025-12-08 19:27:14,445 - watchfiles.main - INFO - 1 change detected
2025-12-08 19:27:14,848 - watchfiles.main - INFO - 1 change detected
2025-12-08 19:27:15,256 - watchfiles.main - INFO - 1 change detected
2025-12-08 19:27:15,673 - watchfiles.main - INFO - 1 change detected
2025-12-08 19:27:16,076 - watchfiles.main - INFO - 1 change detected
2025-12-08 19:27:16,481 - watchfiles.main - INFO - 1 change detected
2025-12-08 19:27:16,886 - watchfiles.main - INFO - 1 change detected
2025-12-08 19:27:17,291 - watchfiles.main - INFO - 1 change detected
2025-12-08 19:27:17,695 - watchfiles.main - INFO - 1 change detected
2025-12-08 19:27:18,061 - watchfiles.main - INFO - 1 change detected
2025-12-08 19:27:18,468 - watchfiles.main - INFO - 1 change detected
2025-12-08 19:27:18,876 - watchfiles.main - INFO - 1 change detected
2025-12-08 19:27:19,282 - watchfiles.main - INFO - 1 change detected
2025-12-08 19:27:19,699 - watchfiles.main - INFO - 1 change detected
2025-12-08 19:27:20,105 - watchfiles.main - INFO - 1 change detected
2025-12-08 19:27:20,509 - watchfiles.main - INFO - 1 change detected
2025-12-08 19:27:20,914 - watchfiles.main - INFO - 1 change detected
2025-12-08 19:27:21,319 - watchfiles.main - INFO - 1 change detected
2025-12-08 19:27:21,723 - watchfiles.main - INFO - 1 change detected
2025-12-08 19:27:22,127 - watchfiles.main - INFO - 1 change detected
2025-12-08 19:27:22,535 - watchfiles.main - INFO - 1 change detected
2025-12-08 19:27:22,939 - watchfiles.main - INFO - 1 change detected
2025-12-08 19:27:23,343 - watchfiles.main - INFO - 1 change detected
2025-12-08 19:27:23,745 - watchfiles.main - INFO - 1 change detected
2025-12-08 19:27:24,148 - watchfiles.main - INFO - 1 change detected
2025-12-08 19:27:24,566 - watchfiles.main - INFO - 1 change detected
2025-12-08 19:27:24,930 - watchfiles.main - INFO - 1 change detected
2025-12-08 19:27:25,339 - watchfiles.main - INFO - 1 change detected
2025-12-08 19:27:25,741 - watchfiles.main - INFO - 1 change detected
2025-12-08 19:27:26,145 - watchfiles.main - INFO - 1 change detected
2025-12-08 19:27:26,563 - watchfiles.main - INFO - 1 change detected
2025-12-08 19:27:26,966 - watchfiles.main - INFO - 1 change detected
2025-12-08 19:27:27,373 - watchfiles.main - INFO - 1 change detected
2025-12-08 19:27:27,780 - watchfiles.main - INFO - 1 change detected
2025-12-08 19:27:28,184 - watchfiles.main - INFO - 1 change detected
2025-12-08 19:27:28,587 - watchfiles.main - INFO - 1 change detected
2025-12-08 19:27:28,997 - watchfiles.main - INFO - 1 change detected
2025-12-08 19:27:29,400 - watchfiles.main - INFO - 1 change detected
2025-12-08 19:27:29,805 - watchfiles.main - INFO - 1 change detected
2025-12-08 19:27:30,209 - watchfiles.main - INFO - 1 change detected
2025-12-08 19:27:30,615 - watchfiles.main - INFO - 1 change detected
2025-12-08 19:27:30,981 - watchfiles.main - INFO - 1 change detected
2025-12-08 19:27:31,386 - watchfiles.main - INFO - 1 change detected
2025-12-08 19:27:31,790 - watchfiles.main - INFO - 1 change detected
2025-12-08 19:27:32,194 - watchfiles.main - INFO - 1 change detected
2025-12-08 19:27:32,599 - watchfiles.main - INFO - 1 change detected
2025-12-08 19:27:33,002 - watchfiles.main - INFO - 1 change detected
2025-12-08 19:27:33,410 - watchfiles.main - INFO - 1 change detected
2025-12-08 19:27:33,816 - watchfiles.main - INFO - 1 change detected
2025-12-08 19:27:34,232 - watchfiles.main - INFO - 1 change detected
2025-12-08 19:27:34,638 - watchfiles.main - INFO - 1 change detected
2025-12-08 19:27:35,040 - watchfiles.main - INFO - 1 change detected
2025-12-08 19:27:35,443 - watchfiles.main - INFO - 1 change detected
2025-12-08 19:27:35,845 - watchfiles.main - INFO - 1 change detected
2025-12-08 19:27:36,250 - watchfiles.main - INFO - 1 change detected
2025-12-08 19:27:36,652 - watchfiles.main - INFO - 1 change detected
2025-12-08 19:27:37,055 - watchfiles.main - INFO - 1 change detected
2025-12-08 19:27:37,459 - watchfiles.main - INFO - 1 change detected
2025-12-08 19:27:37,866 - watchfiles.main - INFO - 1 change detected
2025-12-08 19:27:38,269 - watchfiles.main - INFO - 1 change detected
2025-12-08 19:27:38,675 - watchfiles.main - INFO - 1 change detected
2025-12-08 19:27:39,080 - watchfiles.main - INFO - 1 change detected
2025-12-08 19:27:39,484 - watchfiles.main - INFO - 1 change detected
2025-12-08 19:27:39,889 - watchfiles.main - INFO - 1 change detected
2025-12-08 19:27:40,494 - watchfiles.main - INFO - 1 change detected
2025-12-08 19:27:40,897 - watchfiles.main - INFO - 1 change detected
2025-12-08 19:27:41,352 - watchfiles.main - INFO - 1 change detected
2025-12-08 19:27:41,718 - watchfiles.main - INFO - 1 change detected
2025-12-08 19:27:42,126 - watchfiles.main - INFO - 1 change detected
2025-12-08 19:27:42,532 - watchfiles.main - INFO - 1 change detected
2025-12-08 19:27:42,937 - watchfiles.main - INFO - 1 change detected
2025-12-08 19:27:43,340 - watchfiles.main - INFO - 1 change detected
2025-12-08 19:27:43,747 - watchfiles.main - INFO - 1 change detected
2025-12-08 19:27:44,150 - watchfiles.main - INFO - 1 change detected
2025-12-08 19:27:44,554 - watchfiles.main - INFO - 1 change detected
2025-12-08 19:27:44,959 - watchfiles.main - INFO - 1 change detected
2025-12-08 19:27:45,377 - watchfiles.main - INFO - 1 change detected
2025-12-08 19:27:45,779 - watchfiles.main - INFO - 1 change detected
2025-12-08 19:27:46,186 - watchfiles.main - INFO - 1 change detected
2025-12-08 19:27:46,593 - watchfiles.main - INFO - 1 change detected
2025-12-08 19:27:47,012 - watchfiles.main - INFO - 1 change detected
2025-12-08 19:27:47,417 - watchfiles.main - INFO - 1 change detected
2025-12-08 19:27:47,820 - watchfiles.main - INFO - 1 change detected
2025-12-08 19:27:48,224 - watchfiles.main - INFO - 1 change detected
2025-12-08 19:27:48,628 - watchfiles.main - INFO - 1 change detected
2025-12-08 19:27:49,033 - watchfiles.main - INFO - 1 change detected
2025-12-08 19:27:49,438 - watchfiles.main - INFO - 1 change detected
2025-12-08 19:27:49,842 - watchfiles.main - INFO - 1 change detected
2025-12-08 19:27:50,210 - watchfiles.main - INFO - 1 change detected
2025-12-08 19:27:50,619 - watchfiles.main - INFO - 1 change detected
2025-12-08 19:27:51,022 - watchfiles.main - INFO - 1 change detected
2025-12-08 19:27:51,427 - watchfiles.main - INFO - 1 change detected
2025-12-08 19:27:51,834 - watchfiles.main - INFO - 1 change detected
2025-12-08 19:27:52,239 - watchfiles.main - INFO - 1 change detected
2025-12-08 19:27:52,645 - watchfiles.main - INFO - 1 change detected
2025-12-08 19:27:53,049 - watchfiles.main - INFO - 1 change detected
2025-12-08 19:27:53,456 - watchfiles.main - INFO - 1 change detected
2025-12-08 19:27:53,860 - watchfiles.main - INFO - 1 change detected
2025-12-08 19:27:54,265 - watchfiles.main - INFO - 1 change detected
2025-12-08 19:27:54,669 - watchfiles.main - INFO - 1 change detected
2025-12-08 19:27:55,074 - watchfiles.main - INFO - 1 change detected
2025-12-08 19:27:55,478 - watchfiles.main - INFO - 1 change detected
2025-12-08 19:27:55,893 - watchfiles.main - INFO - 1 change detected
2025-12-08 19:27:56,297 - watchfiles.main - INFO - 1 change detected
2025-12-08 19:27:56,704 - watchfiles.main - INFO - 1 change detected
2025-12-08 19:27:57,108 - watchfiles.main - INFO - 1 change detected
2025-12-08 19:27:57,513 - watchfiles.main - INFO - 1 change detected
2025-12-08 19:27:57,917 - watchfiles.main - INFO - 1 change detected
2025-12-08 19:27:58,322 - watchfiles.main - INFO - 1 change detected
2025-12-08 19:27:58,729 - watchfiles.main - INFO - 1 change detected
2025-12-08 19:27:59,135 - watchfiles.main - INFO - 1 change detected
2025-12-08 19:27:59,538 - watchfiles.main - INFO - 1 change detected
2025-12-08 19:27:59,942 - watchfiles.main - INFO - 1 change detected
2025-12-08 19:28:00,346 - watchfiles.main - INFO - 1 change detected
2025-12-08 19:28:00,751 - watchfiles.main - INFO - 1 change detected
2025-12-08 19:28:01,154 - watchfiles.main - INFO - 1 change detected
2025-12-08 19:28:01,559 - watchfiles.main - INFO - 1 change detected
2025-12-08 19:28:01,963 - watchfiles.main - INFO - 1 change detected
2025-12-08 19:28:02,368 - watchfiles.main - INFO - 1 change detected
2025-12-08 19:28:02,772 - watchfiles.main - INFO - 1 change detected
2025-12-08 19:28:03,177 - watchfiles.main - INFO - 1 change detected
2025-12-08 19:28:03,580 - watchfiles.main - INFO - 1 change detected
2025-12-08 19:28:03,985 - watchfiles.main - INFO - 1 change detected
2025-12-08 19:28:04,392 - watchfiles.main - INFO - 1 change detected
2025-12-08 19:28:04,797 - watchfiles.main - INFO - 1 change detected
2025-12-08 19:28:05,201 - watchfiles.main - INFO - 1 change detected
2025-12-08 19:28:05,604 - watchfiles.main - INFO - 1 change detected
2025-12-08 19:28:06,007 - watchfiles.main - INFO - 1 change detected
2025-12-08 19:28:06,410 - watchfiles.main - INFO - 1 change detected
2025-12-08 19:28:06,815 - watchfiles.main - INFO - 1 change detected
2025-12-08 19:28:07,222 - watchfiles.main - INFO - 1 change detected
2025-12-08 19:28:07,629 - watchfiles.main - INFO - 1 change detected
2025-12-08 19:28:08,032 - watchfiles.main - INFO - 1 change detected
2025-12-08 19:28:08,434 - watchfiles.main - INFO - 1 change detected
2025-12-08 19:28:08,842 - watchfiles.main - INFO - 1 change detected
2025-12-08 19:28:09,246 - watchfiles.main - INFO - 1 change detected
2025-12-08 19:28:09,603 - watchfiles.main - INFO - 1 change detected
2025-12-08 19:28:10,010 - watchfiles.main - INFO - 1 change detected
2025-12-08 19:28:10,414 - watchfiles.main - INFO - 1 change detected
2025-12-08 19:28:10,817 - watchfiles.main - INFO - 1 change detected
2025-12-08 19:28:11,220 - watchfiles.main - INFO - 1 change detected
2025-12-08 19:28:11,627 - watchfiles.main - INFO - 1 change detected
2025-12-08 19:28:12,031 - watchfiles.main - INFO - 1 change detected
2025-12-08 19:28:12,450 - watchfiles.main - INFO - 1 change detected
2025-12-08 19:28:12,868 - watchfiles.main - INFO - 1 change detected
2025-12-08 19:28:13,234 - watchfiles.main - INFO - 1 change detected
2025-12-08 19:28:13,641 - watchfiles.main - INFO - 1 change detected
2025-12-08 19:28:14,063 - watchfiles.main - INFO - 1 change detected
2025-12-08 19:28:14,480 - watchfiles.main - INFO - 1 change detected
2025-12-08 19:28:14,845 - watchfiles.main - INFO - 1 change detected
2025-12-08 19:28:15,254 - watchfiles.main - INFO - 1 change detected
2025-12-08 19:28:15,657 - watchfiles.main - INFO - 1 change detected
2025-12-08 19:28:16,061 - watchfiles.main - INFO - 1 change detected
2025-12-08 19:28:16,466 - watchfiles.main - INFO - 1 change detected
2025-12-08 19:28:16,872 - watchfiles.main - INFO - 1 change detected
2025-12-08 19:28:17,274 - watchfiles.main - INFO - 1 change detected
2025-12-08 19:28:17,679 - watchfiles.main - INFO - 1 change detected
2025-12-08 19:28:18,097 - watchfiles.main - INFO - 1 change detected
2025-12-08 19:28:18,500 - watchfiles.main - INFO - 1 change detected
2025-12-08 19:28:18,906 - watchfiles.main - INFO - 1 change detected
2025-12-08 19:28:19,312 - watchfiles.main - INFO - 1 change detected
2025-12-08 19:28:19,717 - watchfiles.main - INFO - 1 change detected
2025-12-08 19:28:20,074 - watchfiles.main - INFO - 1 change detected
2025-12-08 19:28:20,480 - watchfiles.main - INFO - 1 change detected
2025-12-08 19:28:20,884 - watchfiles.main - INFO - 1 change detected
2025-12-08 19:28:21,287 - watchfiles.main - INFO - 1 change detected
2025-12-08 19:28:21,692 - watchfiles.main - INFO - 1 change detected
2025-12-08 19:28:22,094 - watchfiles.main - INFO - 1 change detected
2025-12-08 19:28:22,497 - watchfiles.main - INFO - 1 change detected
2025-12-08 19:28:22,915 - watchfiles.main - INFO - 1 change detected
2025-12-08 19:28:23,321 - watchfiles.main - INFO - 1 change detected
2025-12-08 19:28:23,726 - watchfiles.main - INFO - 1 change detected
2025-12-08 19:28:24,131 - watchfiles.main - INFO - 1 change detected
2025-12-08 19:28:24,533 - watchfiles.main - INFO - 1 change detected
2025-12-08 19:28:24,936 - watchfiles.main - INFO - 1 change detected
2025-12-08 19:28:25,341 - watchfiles.main - INFO - 1 change detected
2025-12-08 19:28:25,758 - watchfiles.main - INFO - 1 change detected
2025-12-08 19:28:26,163 - watchfiles.main - INFO - 1 change detected
2025-12-08 19:28:26,567 - watchfiles.main - INFO - 1 change detected
2025-12-08 19:28:26,971 - watchfiles.main - INFO - 1 change detected
2025-12-08 19:28:27,373 - watchfiles.main - INFO - 1 change detected
2025-12-08 19:28:27,781 - watchfiles.main - INFO - 1 change detected
2025-12-08 19:28:28,147 - watchfiles.main - INFO - 1 change detected
2025-12-08 19:28:28,556 - watchfiles.main - INFO - 1 change detected
2025-12-08 19:28:28,965 - watchfiles.main - INFO - 1 change detected
2025-12-08 19:28:29,369 - watchfiles.main - INFO - 1 change detected
2025-12-08 19:28:29,774 - watchfiles.main - INFO - 1 change detected
2025-12-08 19:28:30,179 - watchfiles.main - INFO - 1 change detected
2025-12-08 19:28:30,585 - watchfiles.main - INFO - 1 change detected
2025-12-08 19:28:30,990 - watchfiles.main - INFO - 1 change detected
2025-12-08 19:28:31,393 - watchfiles.main - INFO - 1 change detected
2025-12-08 19:28:31,799 - watchfiles.main - INFO - 1 change detected
2025-12-08 19:28:32,207 - watchfiles.main - INFO - 1 change detected
2025-12-08 19:28:32,611 - watchfiles.main - INFO - 1 change detected
2025-12-08 19:28:33,016 - watchfiles.main - INFO - 1 change detected
2025-12-08 19:28:33,420 - watchfiles.main - INFO - 1 change detected
2025-12-08 19:28:33,824 - watchfiles.main - INFO - 1 change detected
2025-12-08 19:28:34,230 - watchfiles.main - INFO - 1 change detected
2025-12-08 19:28:34,635 - watchfiles.main - INFO - 1 change detected
2025-12-08 19:28:35,037 - watchfiles.main - INFO - 1 change detected
2025-12-08 19:28:35,443 - watchfiles.main - INFO - 1 change detected
2025-12-08 19:28:35,847 - watchfiles.main - INFO - 1 change detected
2025-12-08 19:28:36,251 - watchfiles.main - INFO - 1 change detected
2025-12-08 19:28:36,655 - watchfiles.main - INFO - 1 change detected
2025-12-08 19:28:37,060 - watchfiles.main - INFO - 1 change detected
2025-12-08 19:28:37,463 - watchfiles.main - INFO - 1 change detected
2025-12-08 19:28:37,869 - watchfiles.main - INFO - 1 change detected
2025-12-08 19:28:38,278 - watchfiles.main - INFO - 1 change detected
2025-12-08 19:28:38,681 - watchfiles.main - INFO - 1 change detected
2025-12-08 19:28:39,085 - watchfiles.main - INFO - 1 change detected
2025-12-08 19:28:39,490 - watchfiles.main - INFO - 1 change detected
2025-12-08 19:28:39,895 - watchfiles.main - INFO - 1 change detected
2025-12-08 19:28:40,300 - watchfiles.main - INFO - 1 change detected
2025-12-08 19:28:40,704 - watchfiles.main - INFO - 1 change detected
2025-12-08 19:28:41,108 - watchfiles.main - INFO - 1 change detected
2025-12-08 19:28:41,513 - watchfiles.main - INFO - 1 change detected
2025-12-08 19:28:41,917 - watchfiles.main - INFO - 1 change detected
2025-12-08 19:28:42,336 - watchfiles.main - INFO - 1 change detected
2025-12-08 19:28:42,742 - watchfiles.main - INFO - 1 change detected
2025-12-08 19:28:43,109 - watchfiles.main - INFO - 1 change detected
2025-12-08 19:28:43,517 - watchfiles.main - INFO - 1 change detected
2025-12-08 19:28:43,924 - watchfiles.main - INFO - 1 change detected
2025-12-08 19:28:44,330 - watchfiles.main - INFO - 1 change detected
2025-12-08 19:28:44,736 - watchfiles.main - INFO - 1 change detected
2025-12-08 19:28:45,141 - watchfiles.main - INFO - 1 change detected
2025-12-08 19:28:45,545 - watchfiles.main - INFO - 1 change detected
2025-12-08 19:28:45,962 - watchfiles.main - INFO - 1 change detected
2025-12-08 19:28:46,329 - watchfiles.main - INFO - 1 change detected
2025-12-08 19:28:46,736 - watchfiles.main - INFO - 1 change detected
2025-12-08 19:28:47,144 - watchfiles.main - INFO - 1 change detected
2025-12-08 19:28:47,550 - watchfiles.main - INFO - 1 change detected
2025-12-08 19:28:47,954 - watchfiles.main - INFO - 1 change detected
2025-12-08 19:28:48,358 - watchfiles.main - INFO - 1 change detected
2025-12-08 19:28:48,813 - watchfiles.main - INFO - 1 change detected
2025-12-08 19:28:49,216 - watchfiles.main - INFO - 1 change detected
2025-12-08 19:28:49,582 - watchfiles.main - INFO - 1 change detected
2025-12-08 19:28:49,993 - watchfiles.main - INFO - 1 change detected
2025-12-08 19:28:50,396 - watchfiles.main - INFO - 1 change detected
2025-12-08 19:28:50,800 - watchfiles.main - INFO - 1 change detected
2025-12-08 19:28:51,207 - watchfiles.main - INFO - 1 change detected
2025-12-08 19:28:51,610 - watchfiles.main - INFO - 1 change detected
2025-12-08 19:28:52,028 - watchfiles.main - INFO - 1 change detected
2025-12-08 19:28:52,433 - watchfiles.main - INFO - 1 change detected
2025-12-08 19:28:52,836 - watchfiles.main - INFO - 1 change detected
2025-12-08 19:28:53,239 - watchfiles.main - INFO - 1 change detected
2025-12-08 19:28:53,646 - watchfiles.main - INFO - 1 change detected
2025-12-08 19:28:54,052 - watchfiles.main - INFO - 1 change detected
2025-12-08 19:28:54,456 - watchfiles.main - INFO - 1 change detected
2025-12-08 19:28:54,861 - watchfiles.main - INFO - 1 change detected
2025-12-08 19:28:55,266 - watchfiles.main - INFO - 1 change detected
2025-12-08 19:28:55,670 - watchfiles.main - INFO - 1 change detected
2025-12-08 19:28:56,023 - watchfiles.main - INFO - 1 change detected
2025-12-08 19:28:56,432 - watchfiles.main - INFO - 1 change detected
2025-12-08 19:28:56,838 - watchfiles.main - INFO - 1 change detected
2025-12-08 19:28:57,243 - watchfiles.main - INFO - 1 change detected
2025-12-08 19:28:57,662 - watchfiles.main - INFO - 1 change detected
2025-12-08 19:28:58,066 - watchfiles.main - INFO - 1 change detected
2025-12-08 19:28:58,468 - watchfiles.main - INFO - 1 change detected
2025-12-08 19:28:58,874 - watchfiles.main - INFO - 1 change detected
2025-12-08 19:28:59,278 - watchfiles.main - INFO - 1 change detected
2025-12-08 19:28:59,682 - watchfiles.main - INFO - 1 change detected
2025-12-08 19:29:00,086 - watchfiles.main - INFO - 1 change detected
2025-12-08 19:29:00,489 - watchfiles.main - INFO - 1 change detected
2025-12-08 19:29:00,895 - watchfiles.main - INFO - 1 change detected
2025-12-08 19:29:01,302 - watchfiles.main - INFO - 1 change detected
2025-12-08 19:29:01,662 - watchfiles.main - INFO - 1 change detected
2025-12-08 19:29:02,069 - watchfiles.main - INFO - 1 change detected
2025-12-08 19:29:02,476 - watchfiles.main - INFO - 1 change detected
2025-12-08 19:29:02,882 - watchfiles.main - INFO - 1 change detected
2025-12-08 19:29:03,300 - watchfiles.main - INFO - 1 change detected
2025-12-08 19:29:03,704 - watchfiles.main - INFO - 1 change detected
2025-12-08 19:29:04,108 - watchfiles.main - INFO - 1 change detected
2025-12-08 19:29:04,513 - watchfiles.main - INFO - 1 change detected
2025-12-08 19:29:04,920 - watchfiles.main - INFO - 1 change detected
2025-12-08 19:29:05,323 - watchfiles.main - INFO - 1 change detected
2025-12-08 19:29:05,728 - watchfiles.main - INFO - 1 change detected
2025-12-08 19:29:06,147 - watchfiles.main - INFO - 1 change detected
2025-12-08 19:29:06,551 - watchfiles.main - INFO - 1 change detected
2025-12-08 19:29:06,955 - watchfiles.main - INFO - 1 change detected
2025-12-08 19:29:07,358 - watchfiles.main - INFO - 1 change detected
2025-12-08 19:29:07,725 - watchfiles.main - INFO - 1 change detected
2025-12-08 19:29:08,131 - watchfiles.main - INFO - 1 change detected
2025-12-08 19:29:08,535 - watchfiles.main - INFO - 1 change detected
2025-12-08 19:29:08,940 - watchfiles.main - INFO - 1 change detected
2025-12-08 19:29:09,345 - watchfiles.main - INFO - 1 change detected
2025-12-08 19:29:09,749 - watchfiles.main - INFO - 1 change detected
2025-12-08 19:29:10,152 - watchfiles.main - INFO - 1 change detected
2025-12-08 19:29:10,554 - watchfiles.main - INFO - 1 change detected
2025-12-08 19:29:10,961 - watchfiles.main - INFO - 1 change detected
2025-12-08 19:29:11,367 - watchfiles.main - INFO - 1 change detected
2025-12-08 19:29:11,772 - watchfiles.main - INFO - 1 change detected
2025-12-08 19:29:12,177 - watchfiles.main - INFO - 1 change detected
2025-12-08 19:29:12,582 - watchfiles.main - INFO - 1 change detected
2025-12-08 19:29:12,986 - watchfiles.main - INFO - 1 change detected
2025-12-08 19:29:13,391 - watchfiles.main - INFO - 1 change detected
2025-12-08 19:29:13,796 - watchfiles.main - INFO - 1 change detected
2025-12-08 19:29:14,215 - watchfiles.main - INFO - 1 change detected
2025-12-08 19:29:14,631 - watchfiles.main - INFO - 1 change detected
2025-12-08 19:29:15,036 - watchfiles.main - INFO - 1 change detected
2025-12-08 19:29:15,440 - watchfiles.main - INFO - 1 change detected
2025-12-08 19:29:15,844 - watchfiles.main - INFO - 1 change detected
2025-12-08 19:29:16,209 - watchfiles.main - INFO - 1 change detected
2025-12-08 19:29:16,617 - watchfiles.main - INFO - 1 change detected
2025-12-08 19:29:17,021 - watchfiles.main - INFO - 1 change detected
2025-12-08 19:29:17,436 - watchfiles.main - INFO - 1 change detected
2025-12-08 19:29:17,841 - watchfiles.main - INFO - 1 change detected
2025-12-08 19:29:18,246 - watchfiles.main - INFO - 1 change detected
2025-12-08 19:29:18,653 - watchfiles.main - INFO - 1 change detected
2025-12-08 19:29:19,059 - watchfiles.main - INFO - 1 change detected
2025-12-08 19:29:19,463 - watchfiles.main - INFO - 1 change detected
2025-12-08 19:29:19,871 - watchfiles.main - INFO - 1 change detected
2025-12-08 19:29:20,276 - watchfiles.main - INFO - 1 change detected
2025-12-08 19:29:20,685 - watchfiles.main - INFO - 1 change detected
2025-12-08 19:29:21,090 - watchfiles.main - INFO - 1 change detected
2025-12-08 19:29:21,498 - watchfiles.main - INFO - 1 change detected
2025-12-08 19:29:21,901 - watchfiles.main - INFO - 1 change detected
2025-12-08 19:29:22,304 - watchfiles.main - INFO - 1 change detected
2025-12-08 19:29:22,757 - app - INFO - Shutting down Python ML Recommendation Service...
2025-12-08 22:39:01,665 - inference - INFO - Using device: cpu
2025-12-08 22:39:03,773 - inference - INFO - PhoBERT model loaded successfully
